#-----------------------------------------------------------
# Vivado v2018.2 (64-bit)
# SW Build 2258646 on Thu Jun 14 20:03:12 MDT 2018
# IP Build 2256618 on Thu Jun 14 22:10:49 MDT 2018
# Start of session at: Fri Jan 11 14:25:25 2019
# Process ID: 11968
# Current directory: D:/player2control
# Command line: vivado.exe -gui_launcher_event rodinguilauncherevent10184 D:\player2control\player2control.xpr
# Log file: D:/player2control/vivado.log
# Journal file: D:/player2control\vivado.jou
#-----------------------------------------------------------
start_gui
open_project D:/player2control/player2control.xpr
INFO: [Project 1-313] Project file moved from 'C:/player2control' since last save.
Scanning sources...
Finished scanning sources
INFO: [filemgmt 56-1] IP Repository Path: Directory not found as 'D:/Users/user/Downloads/KeyboardSampleCode/ip'; using path 'C:/Users/user/Downloads/KeyboardSampleCode/ip' instead.
INFO: [IP_Flow 19-234] Refreshing IP repositories
INFO: [IP_Flow 19-1700] Loaded user IP repository 'c:/Users/user/Downloads/KeyboardSampleCode/ip'.
INFO: [IP_Flow 19-2313] Loaded Vivado IP repository 'D:/XILINX/Vivado/2018.2/data/ip'.
open_project: Time (s): cpu = 00:00:11 ; elapsed = 00:00:05 . Memory (MB): peak = 865.824 ; gain = 137.898
update_compile_order -fileset sources_1
exit
INFO: [Common 17-206] Exiting Vivado at Fri Jan 11 14:26:09 2019...
