#-----------------------------------------------------------
# Vivado v2018.2 (64-bit)
# SW Build 2258646 on Thu Jun 14 20:03:12 MDT 2018
# IP Build 2256618 on Thu Jun 14 22:10:49 MDT 2018
# Start of session at: Fri Jan 11 06:19:24 2019
# Process ID: 1352
# Current directory: C:/Users/User/Desktop/player2control
# Command line: vivado.exe -gui_launcher_event rodinguilauncherevent11760 C:\Users\User\Desktop\player2control\player2control.xpr
# Log file: C:/Users/User/Desktop/player2control/vivado.log
# Journal file: C:/Users/User/Desktop/player2control\vivado.jou
#-----------------------------------------------------------
start_gui
open_project C:/Users/User/Desktop/player2control/player2control.xpr
INFO: [Project 1-313] Project file moved from 'C:/player2control' since last save.
Scanning sources...
Finished scanning sources
WARNING: [filemgmt 56-2] IP Repository Path: Could not find the directory 'C:/Users/User/Desktop/Users/user/Downloads/KeyboardSampleCode/ip', nor could it be found using path 'C:/Users/user/Downloads/KeyboardSampleCode/ip'.
INFO: [IP_Flow 19-234] Refreshing IP repositories
WARNING: [IP_Flow 19-2248] Failed to load user IP repository 'c:/Users/User/Desktop/Users/user/Downloads/KeyboardSampleCode/ip'; Can't find the specified path.
If this directory should no longer be in your list of user repositories, go to the IP Settings dialog and remove it.
INFO: [IP_Flow 19-2313] Loaded Vivado IP repository 'C:/Xilinx/Vivado/2018.2/data/ip'.
WARNING: [IP_Flow 19-2162] IP 'KeyboardCtrl_0' is locked:
* IP definition 'KeyboardCtrl (1.0)' for IP 'KeyboardCtrl_0' (customized with software release 2018.2) was not found in the IP Catalog.
Please select 'Report IP Status' from the 'Tools/Report' menu or run Tcl command 'report_ip_status' for more information.
open_project: Time (s): cpu = 00:00:20 ; elapsed = 00:00:11 . Memory (MB): peak = 822.031 ; gain = 87.609
update_compile_order -fileset sources_1
close [ open C:/Users/User/Desktop/player2control/player2control.srcs/sources_1/new/musictop.v w ]
add_files C:/Users/User/Desktop/player2control/player2control.srcs/sources_1/new/musictop.v
update_compile_order -fileset sources_1
close [ open C:/Users/User/Desktop/player2control/player2control.srcs/sources_1/new/clock_divider.v w ]
add_files C:/Users/User/Desktop/player2control/player2control.srcs/sources_1/new/clock_divider.v
close [ open C:/Users/User/Desktop/player2control/player2control.srcs/sources_1/new/note_gen.v w ]
add_files C:/Users/User/Desktop/player2control/player2control.srcs/sources_1/new/note_gen.v
close [ open C:/Users/User/Desktop/player2control/player2control.srcs/sources_1/new/speaker_control.v w ]
add_files C:/Users/User/Desktop/player2control/player2control.srcs/sources_1/new/speaker_control.v
close [ open C:/Users/User/Desktop/player2control/player2control.srcs/sources_1/new/Music.v w ]
add_files C:/Users/User/Desktop/player2control/player2control.srcs/sources_1/new/Music.v
update_compile_order -fileset sources_1
update_compile_order -fileset sources_1
exit
INFO: [Common 17-206] Exiting Vivado at Fri Jan 11 06:52:35 2019...
