#-----------------------------------------------------------
# Vivado v2018.2 (64-bit)
# SW Build 2258646 on Thu Jun 14 20:03:12 MDT 2018
# IP Build 2256618 on Thu Jun 14 22:10:49 MDT 2018
# Start of session at: Thu Jan 10 02:25:58 2019
# Process ID: 1304
# Current directory: C:/player2control
# Command line: vivado.exe -gui_launcher_event rodinguilauncherevent1964 C:\player2control\player2control.xpr
# Log file: C:/player2control/vivado.log
# Journal file: C:/player2control\vivado.jou
#-----------------------------------------------------------
start_gui
open_project C:/player2control/player2control.xpr
Scanning sources...
Finished scanning sources
INFO: [IP_Flow 19-234] Refreshing IP repositories
INFO: [IP_Flow 19-1700] Loaded user IP repository 'c:/Users/user/Downloads/KeyboardSampleCode/ip'.
INFO: [IP_Flow 19-2313] Loaded Vivado IP repository 'D:/XILINX/Vivado/2018.2/data/ip'.
open_project: Time (s): cpu = 00:00:11 ; elapsed = 00:00:05 . Memory (MB): peak = 896.973 ; gain = 165.293
update_compile_order -fileset sources_1
exit
INFO: [Common 17-206] Exiting Vivado at Thu Jan 10 02:26:51 2019...
