#-----------------------------------------------------------
# Vivado v2018.2 (64-bit)
# SW Build 2258646 on Thu Jun 14 20:03:12 MDT 2018
# IP Build 2256618 on Thu Jun 14 22:10:49 MDT 2018
# Start of session at: Thu Jan 10 01:08:00 2019
# Process ID: 10092
# Current directory: C:/project_background
# Command line: vivado.exe -gui_launcher_event rodinguilauncherevent9080 C:\project_background\project_background.xpr
# Log file: C:/project_background/vivado.log
# Journal file: C:/project_background\vivado.jou
#-----------------------------------------------------------
start_gui
open_project C:/project_background/project_background.xpr
Scanning sources...
Finished scanning sources
INFO: [IP_Flow 19-234] Refreshing IP repositories
INFO: [IP_Flow 19-1700] Loaded user IP repository 'c:/Users/user/Downloads/KeyboardSampleCode/ip'.
INFO: [IP_Flow 19-2313] Loaded Vivado IP repository 'D:/XILINX/Vivado/2018.2/data/ip'.
open_project: Time (s): cpu = 00:00:15 ; elapsed = 00:00:08 . Memory (MB): peak = 903.266 ; gain = 169.707
update_compile_order -fileset sources_1
exit
INFO: [Common 17-206] Exiting Vivado at Thu Jan 10 01:15:51 2019...
